2019-12-13 10:43:42,526 INFO org.springframework.boot.StartupInfoLogger [main] Starting SgwBillingApplication on furqan-ThinkPad-T430s with PID 7999 (started by furqan in /home/furqan/Rizwan- Project Backup Data/Projects/sgw_billing)
2019-12-13 10:43:42,543 DEBUG org.springframework.boot.StartupInfoLogger [main] Running with Spring Boot v2.2.2.RELEASE, Spring v5.2.2.RELEASE
2019-12-13 10:43:42,552 INFO org.springframework.boot.SpringApplication [main] No active profile set, falling back to default profiles: default
2019-12-13 10:43:43,898 INFO org.springframework.data.repository.config.RepositoryConfigurationDelegate [main] Bootstrapping Spring Data JPA repositories in DEFAULT mode.
2019-12-13 10:43:44,000 INFO org.springframework.data.repository.config.RepositoryConfigurationDelegate [main] Finished Spring Data repository scanning in 91ms. Found 3 JPA repository interfaces.
2019-12-13 10:43:44,400 INFO org.springframework.context.support.PostProcessorRegistrationDelegate$BeanPostProcessorChecker [main] Bean 'org.springframework.transaction.annotation.ProxyTransactionManagementConfiguration' of type [org.springframework.transaction.annotation.ProxyTransactionManagementConfiguration] is not eligible for getting processed by all BeanPostProcessors (for example: not eligible for auto-proxying)
2019-12-13 10:43:44,591 INFO org.springframework.boot.web.embedded.tomcat.TomcatWebServer [main] Tomcat initialized with port(s): 8086 (http)
2019-12-13 10:43:44,598 INFO org.apache.juli.logging.DirectJDKLog [main] Initializing ProtocolHandler ["http-nio-8086"]
2019-12-13 10:43:44,598 INFO org.apache.juli.logging.DirectJDKLog [main] Starting service [Tomcat]
2019-12-13 10:43:44,599 INFO org.apache.juli.logging.DirectJDKLog [main] Starting Servlet engine: [Apache Tomcat/9.0.29]
2019-12-13 10:43:44,662 INFO org.apache.juli.logging.DirectJDKLog [main] Initializing Spring embedded WebApplicationContext
2019-12-13 10:43:44,663 INFO org.springframework.boot.web.servlet.context.ServletWebServerApplicationContext [main] Root WebApplicationContext: initialization completed in 1977 ms
2019-12-13 10:43:44,801 INFO org.hibernate.jpa.internal.util.LogHelper [main] HHH000204: Processing PersistenceUnitInfo [name: default]
2019-12-13 10:43:44,853 INFO org.hibernate.Version [main] HHH000412: Hibernate Core {5.4.9.Final}
2019-12-13 10:43:45,015 INFO org.hibernate.annotations.common.reflection.java.JavaReflectionManager [main] HCANN000001: Hibernate Commons Annotations {5.1.0.Final}
2019-12-13 10:43:45,098 INFO org.hibernate.dialect.Dialect [main] HHH000400: Using dialect: org.hibernate.dialect.PostgreSQL94Dialect
2019-12-13 10:43:45,539 INFO com.zaxxer.hikari.HikariDataSource [main] HikariPool-1 - Starting...
2019-12-13 10:43:45,734 INFO com.zaxxer.hikari.HikariDataSource [main] HikariPool-1 - Start completed.
2019-12-13 10:43:45,782 INFO org.hibernate.engine.transaction.jta.platform.internal.JtaPlatformInitiator [main] HHH000490: Using JtaPlatform implementation: [org.hibernate.engine.transaction.jta.platform.internal.NoJtaPlatform]
2019-12-13 10:43:45,792 INFO org.springframework.orm.jpa.AbstractEntityManagerFactoryBean [main] Initialized JPA EntityManagerFactory for persistence unit 'default'
2019-12-13 10:43:47,001 WARN org.springframework.boot.autoconfigure.orm.jpa.JpaBaseConfiguration$JpaWebConfiguration [main] spring.jpa.open-in-view is enabled by default. Therefore, database queries may be performed during view rendering. Explicitly configure spring.jpa.open-in-view to disable this warning
2019-12-13 10:43:47,140 INFO org.springframework.scheduling.concurrent.ExecutorConfigurationSupport [main] Initializing ExecutorService 'applicationTaskExecutor'
2019-12-13 10:43:47,472 INFO org.apache.juli.logging.DirectJDKLog [main] Starting ProtocolHandler ["http-nio-8086"]
2019-12-13 10:43:47,487 INFO org.springframework.boot.web.embedded.tomcat.TomcatWebServer [main] Tomcat started on port(s): 8086 (http) with context path ''
2019-12-13 10:43:47,490 INFO org.springframework.boot.StartupInfoLogger [main] Started SgwBillingApplication in 5.671 seconds (JVM running for 6.309)
2019-12-13 10:52:35,695 INFO org.springframework.scheduling.concurrent.ExecutorConfigurationSupport [SpringContextShutdownHook] Shutting down ExecutorService 'applicationTaskExecutor'
2019-12-13 10:52:35,696 INFO org.springframework.orm.jpa.AbstractEntityManagerFactoryBean [SpringContextShutdownHook] Closing JPA EntityManagerFactory for persistence unit 'default'
2019-12-13 10:52:35,699 INFO com.zaxxer.hikari.HikariDataSource [SpringContextShutdownHook] HikariPool-1 - Shutdown initiated...
2019-12-13 10:52:35,717 INFO com.zaxxer.hikari.HikariDataSource [SpringContextShutdownHook] HikariPool-1 - Shutdown completed.
